# JRE version: Java(TM) SE Runtime Environment (17.0.12+8) (build 17.0.12+8-LTS-286)
# Java VM: Java HotSpot(TM) 64-Bit Server VM (17.0.12+8-LTS-286, mixed mode, sharing, tiered, compressed oops, compressed class ptrs, g1 gc, windows-amd64)
GC Precious Log:
 CPUs: 4 total, 4 available
 Memory: 8057M
 Large Page Support: Disabled
 NUMA Support: Disabled
 Compressed Oops: Enabled (32-bit)
 Heap Region Size: 1M
 Heap Min Capacity: 8M
 Heap Initial Capacity: 126M
 Heap Max Capacity: 2016M
 Pre-touch: Disabled
 Parallel Workers: 4
 Concurrent Workers: 1
 Concurrent Refinement Workers: 4
 Periodic GC: Disabled
Heap:
 garbage-first heap   total 75776K, used 23607K [0x0000000082000000, 0x0000000100000000)
  region size 1024K, 11 young (11264K), 2 survivors (2048K)
 Metaspace       used 23482K, committed 23936K, reserved 1114112K
  class space    used 2761K, committed 2944K, reserved 1048576K
GC Heap History (20 events):
Event: 51.686 GC heap before
{Heap before GC invocations=7 (full 0):
 garbage-first heap   total 48128K, used 31977K [0x0000000082000000, 0x0000000100000000)
  region size 1024K, 22 young (22528K), 1 survivors (1024K)
 Metaspace       used 22500K, committed 22912K, reserved 1114112K
  class space    used 2717K, committed 2880K, reserved 1048576K
}
Event: 51.688 GC heap after
{Heap after GC invocations=8 (full 0):
 garbage-first heap   total 48128K, used 12588K [0x0000000082000000, 0x0000000100000000)
  region size 1024K, 2 young (2048K), 2 survivors (2048K)
 Metaspace       used 22500K, committed 22912K, reserved 1114112K
  class space    used 2717K, committed 2880K, reserved 1048576K
}
Event: 64.739 GC heap before
{Heap before GC invocations=8 (full 0):
 garbage-first heap   total 48128K, used 33068K [0x0000000082000000, 0x0000000100000000)
  region size 1024K, 23 young (23552K), 2 survivors (2048K)
 Metaspace       used 22737K, committed 23168K, reserved 1114112K
  class space    used 2722K, committed 2944K, reserved 1048576K
}
Event: 64.741 GC heap after
{Heap after GC invocations=9 (full 0):
 garbage-first heap   total 48128K, used 13003K [0x0000000082000000, 0x0000000100000000)
  region size 1024K, 2 young (2048K), 2 survivors (2048K)
 Metaspace       used 22737K, committed 23168K, reserved 1114112K
  class space    used 2722K, committed 2944K, reserved 1048576K
}
Event: 88.390 GC heap before
{Heap before GC invocations=9 (full 0):
 garbage-first heap   total 48128K, used 33483K [0x0000000082000000, 0x0000000100000000)
  region size 1024K, 23 young (23552K), 2 survivors (2048K)
 Metaspace       used 23088K, committed 23488K, reserved 1114112K
  class space    used 2741K, committed 2944K, reserved 1048576K
}
Event: 88.393 GC heap after
{Heap after GC invocations=10 (full 0):
 garbage-first heap   total 48128K, used 14000K [0x0000000082000000, 0x0000000100000000)
  region size 1024K, 3 young (3072K), 3 survivors (3072K)
 Metaspace       used 23088K, committed 23488K, reserved 1114112K
  class space    used 2741K, committed 2944K, reserved 1048576K
}
Event: 113.833 GC heap before
{Heap before GC invocations=10 (full 0):
 garbage-first heap   total 48128K, used 34480K [0x0000000082000000, 0x0000000100000000)
  region size 1024K, 24 young (24576K), 3 survivors (3072K)
 Metaspace       used 23211K, committed 23680K, reserved 1114112K
  class space    used 2744K, committed 2944K, reserved 1048576K
}
Event: 115.801 GC heap after
{Heap after GC invocations=11 (full 0):
 garbage-first heap   total 48128K, used 14843K [0x0000000082000000, 0x0000000100000000)
  region size 1024K, 2 young (2048K), 2 survivors (2048K)
 Metaspace       used 23211K, committed 23680K, reserved 1114112K
  class space    used 2744K, committed 2944K, reserved 1048576K
}
Event: 116.011 GC heap before
{Heap before GC invocations=11 (full 0):
 garbage-first heap   total 48128K, used 14843K [0x0000000082000000, 0x0000000100000000)
  region size 1024K, 3 young (3072K), 2 survivors (2048K)
 Metaspace       used 23211K, committed 23680K, reserved 1114112K
  class space    used 2744K, committed 2944K, reserved 1048576K
}
Event: 116.024 GC heap after
{Heap after GC invocations=12 (full 0):
 garbage-first heap   total 48128K, used 14103K [0x0000000082000000, 0x0000000100000000)
  region size 1024K, 1 young (1024K), 1 survivors (1024K)
 Metaspace       used 23211K, committed 23680K, reserved 1114112K
  class space    used 2744K, committed 2944K, reserved 1048576K
}
Event: 135.245 GC heap before
{Heap before GC invocations=12 (full 0):
 garbage-first heap   total 48128K, used 22295K [0x0000000082000000, 0x0000000100000000)
  region size 1024K, 10 young (10240K), 1 survivors (1024K)
 Metaspace       used 23313K, committed 23680K, reserved 1114112K
  class space    used 2754K, committed 2944K, reserved 1048576K
}
Event: 135.328 GC heap after
{Heap after GC invocations=13 (full 0):
 garbage-first heap   total 48128K, used 14865K [0x0000000082000000, 0x0000000100000000)
  region size 1024K, 1 young (1024K), 1 survivors (1024K)
 Metaspace       used 23313K, committed 23680K, reserved 1114112K
  class space    used 2754K, committed 2944K, reserved 1048576K
}
Event: 145.158 GC heap before
{Heap before GC invocations=13 (full 0):
 garbage-first heap   total 48128K, used 24081K [0x0000000082000000, 0x0000000100000000)
  region size 1024K, 11 young (11264K), 1 survivors (1024K)
 Metaspace       used 23318K, committed 23680K, reserved 1114112K
  class space    used 2754K, committed 2944K, reserved 1048576K
}
Event: 145.159 GC heap after
{Heap after GC invocations=14 (full 0):
 garbage-first heap   total 48128K, used 15147K [0x0000000082000000, 0x0000000100000000)
  region size 1024K, 2 young (2048K), 2 survivors (2048K)
 Metaspace       used 23318K, committed 23680K, reserved 1114112K
  class space    used 2754K, committed 2944K, reserved 1048576K
}
Event: 160.889 GC heap before
{Heap before GC invocations=14 (full 0):
 garbage-first heap   total 48128K, used 24363K [0x0000000082000000, 0x0000000100000000)
  region size 1024K, 12 young (12288K), 2 survivors (2048K)
 Metaspace       used 23356K, committed 23808K, reserved 1114112K
  class space    used 2755K, committed 2944K, reserved 1048576K
}
Event: 162.008 GC heap after
{Heap after GC invocations=15 (full 0):
 garbage-first heap   total 48128K, used 15503K [0x0000000082000000, 0x0000000100000000)
  region size 1024K, 2 young (2048K), 2 survivors (2048K)
 Metaspace       used 23356K, committed 23808K, reserved 1114112K
  class space    used 2755K, committed 2944K, reserved 1048576K
}
Event: 183.573 GC heap before
{Heap before GC invocations=15 (full 0):
 garbage-first heap   total 48128K, used 29839K [0x0000000082000000, 0x0000000100000000)
  region size 1024K, 17 young (17408K), 2 survivors (2048K)
 Metaspace       used 23401K, committed 23808K, reserved 1114112K
  class space    used 2760K, committed 2944K, reserved 1048576K
}
Event: 183.695 GC heap after
{Heap after GC invocations=16 (full 0):
 garbage-first heap   total 75776K, used 16124K [0x0000000082000000, 0x0000000100000000)
  region size 1024K, 2 young (2048K), 2 survivors (2048K)
 Metaspace       used 23401K, committed 23808K, reserved 1114112K
  class space    used 2760K, committed 2944K, reserved 1048576K
}
Event: 203.759 GC heap before
{Heap before GC invocations=16 (full 0):
 garbage-first heap   total 75776K, used 26364K [0x0000000082000000, 0x0000000100000000)
  region size 1024K, 13 young (13312K), 2 survivors (2048K)
 Metaspace       used 23455K, committed 23872K, reserved 1114112K
  class space    used 2761K, committed 2944K, reserved 1048576K
}
Event: 203.764 GC heap after
{Heap after GC invocations=17 (full 0):
 garbage-first heap   total 75776K, used 16439K [0x0000000082000000, 0x0000000100000000)
  region size 1024K, 2 young (2048K), 2 survivors (2048K)
 Metaspace       used 23455K, committed 23872K, reserved 1114112K
  class space    used 2761K, committed 2944K, reserved 1048576K
}

