# JRE version: Java(TM) SE Runtime Environment (17.0.12+8) (build 17.0.12+8-LTS-286)
# Java VM: Java HotSpot(TM) 64-Bit Server VM (17.0.12+8-LTS-286, mixed mode, sharing, tiered, compressed oops, compressed class ptrs, g1 gc, windows-amd64)
GC Precious Log:
 CPUs: 4 total, 4 available
 Memory: 12153M
 Large Page Support: Disabled
 NUMA Support: Disabled
 Compressed Oops: Enabled (Zero based)
 Heap Region Size: 2M
 Heap Min Capacity: 8M
 Heap Initial Capacity: 190M
 Heap Max Capacity: 3040M
 Pre-touch: Disabled
 Parallel Workers: 4
 Concurrent Workers: 1
 Concurrent Refinement Workers: 4
 Periodic GC: Disabled
Heap:
 garbage-first heap   total 49152K, used 28770K [0x0000000742000000, 0x0000000800000000)
  region size 2048K, 10 young (20480K), 2 survivors (4096K)
 Metaspace       used 23991K, committed 24384K, reserved 1114112K
  class space    used 2885K, committed 3072K, reserved 1048576K
GC Heap History (20 events):
Event: 1.116 GC heap before
{Heap before GC invocations=1 (full 0):
 garbage-first heap   total 194560K, used 13012K [0x0000000742000000, 0x0000000800000000)
  region size 2048K, 5 young (10240K), 1 survivors (2048K)
 Metaspace       used 8552K, committed 8704K, reserved 1114112K
  class space    used 871K, committed 960K, reserved 1048576K
}
Event: 1.118 GC heap after
{Heap after GC invocations=2 (full 0):
 garbage-first heap   total 194560K, used 5299K [0x0000000742000000, 0x0000000800000000)
  region size 2048K, 1 young (2048K), 1 survivors (2048K)
 Metaspace       used 8552K, committed 8704K, reserved 1114112K
  class space    used 871K, committed 960K, reserved 1048576K
}
Event: 1.607 GC heap before
{Heap before GC invocations=2 (full 0):
 garbage-first heap   total 194560K, used 36019K [0x0000000742000000, 0x0000000800000000)
  region size 2048K, 16 young (32768K), 1 survivors (2048K)
 Metaspace       used 10651K, committed 10880K, reserved 1114112K
  class space    used 1103K, committed 1216K, reserved 1048576K
}
Event: 1.611 GC heap after
{Heap after GC invocations=3 (full 0):
 garbage-first heap   total 194560K, used 6922K [0x0000000742000000, 0x0000000800000000)
  region size 2048K, 2 young (4096K), 2 survivors (4096K)
 Metaspace       used 10651K, committed 10880K, reserved 1114112K
  class space    used 1103K, committed 1216K, reserved 1048576K
}
Event: 7.593 GC heap before
{Heap before GC invocations=3 (full 0):
 garbage-first heap   total 194560K, used 74506K [0x0000000742000000, 0x0000000800000000)
  region size 2048K, 36 young (73728K), 2 survivors (4096K)
 Metaspace       used 21055K, committed 21504K, reserved 1114112K
  class space    used 2695K, committed 2944K, reserved 1048576K
}
Event: 7.605 GC heap after
{Heap after GC invocations=4 (full 0):
 garbage-first heap   total 194560K, used 10354K [0x0000000742000000, 0x0000000800000000)
  region size 2048K, 3 young (6144K), 3 survivors (6144K)
 Metaspace       used 21055K, committed 21504K, reserved 1114112K
  class space    used 2695K, committed 2944K, reserved 1048576K
}
Event: 15.940 GC heap before
{Heap before GC invocations=5 (full 0):
 garbage-first heap   total 49152K, used 30834K [0x0000000742000000, 0x0000000800000000)
  region size 2048K, 14 young (28672K), 3 survivors (6144K)
 Metaspace       used 22010K, committed 22464K, reserved 1114112K
  class space    used 2792K, committed 3008K, reserved 1048576K
}
Event: 15.949 GC heap after
{Heap after GC invocations=6 (full 0):
 garbage-first heap   total 49152K, used 12205K [0x0000000742000000, 0x0000000800000000)
  region size 2048K, 2 young (4096K), 2 survivors (4096K)
 Metaspace       used 22010K, committed 22464K, reserved 1114112K
  class space    used 2792K, committed 3008K, reserved 1048576K
}
Event: 32.328 GC heap before
{Heap before GC invocations=6 (full 0):
 garbage-first heap   total 49152K, used 14253K [0x0000000742000000, 0x0000000800000000)
  region size 2048K, 3 young (6144K), 2 survivors (4096K)
 Metaspace       used 22130K, committed 22592K, reserved 1114112K
  class space    used 2795K, committed 3008K, reserved 1048576K
}
Event: 32.330 GC heap after
{Heap after GC invocations=7 (full 0):
 garbage-first heap   total 49152K, used 12043K [0x0000000742000000, 0x0000000800000000)
  region size 2048K, 1 young (2048K), 1 survivors (2048K)
 Metaspace       used 22130K, committed 22592K, reserved 1114112K
  class space    used 2795K, committed 3008K, reserved 1048576K
}
Event: 46.947 GC heap before
{Heap before GC invocations=7 (full 0):
 garbage-first heap   total 49152K, used 30475K [0x0000000742000000, 0x0000000800000000)
  region size 2048K, 11 young (22528K), 1 survivors (2048K)
 Metaspace       used 22762K, committed 23168K, reserved 1114112K
  class space    used 2823K, committed 3008K, reserved 1048576K
}
Event: 46.951 GC heap after
{Heap after GC invocations=8 (full 0):
 garbage-first heap   total 49152K, used 12985K [0x0000000742000000, 0x0000000800000000)
  region size 2048K, 1 young (2048K), 1 survivors (2048K)
 Metaspace       used 22762K, committed 23168K, reserved 1114112K
  class space    used 2823K, committed 3008K, reserved 1048576K
}
Event: 70.618 GC heap before
{Heap before GC invocations=8 (full 0):
 garbage-first heap   total 49152K, used 31417K [0x0000000742000000, 0x0000000800000000)
  region size 2048K, 11 young (22528K), 1 survivors (2048K)
 Metaspace       used 23262K, committed 23680K, reserved 1114112K
  class space    used 2860K, committed 3072K, reserved 1048576K
}
Event: 70.620 GC heap after
{Heap after GC invocations=9 (full 0):
 garbage-first heap   total 49152K, used 13512K [0x0000000742000000, 0x0000000800000000)
  region size 2048K, 1 young (2048K), 1 survivors (2048K)
 Metaspace       used 23262K, committed 23680K, reserved 1114112K
  class space    used 2860K, committed 3072K, reserved 1048576K
}
Event: 87.362 GC heap before
{Heap before GC invocations=9 (full 0):
 garbage-first heap   total 49152K, used 31944K [0x0000000742000000, 0x0000000800000000)
  region size 2048K, 11 young (22528K), 1 survivors (2048K)
 Metaspace       used 23552K, committed 24000K, reserved 1114112K
  class space    used 2875K, committed 3072K, reserved 1048576K
}
Event: 87.365 GC heap after
{Heap after GC invocations=10 (full 0):
 garbage-first heap   total 49152K, used 14482K [0x0000000742000000, 0x0000000800000000)
  region size 2048K, 2 young (4096K), 2 survivors (4096K)
 Metaspace       used 23552K, committed 24000K, reserved 1114112K
  class space    used 2875K, committed 3072K, reserved 1048576K
}
Event: 104.512 GC heap before
{Heap before GC invocations=10 (full 0):
 garbage-first heap   total 49152K, used 32914K [0x0000000742000000, 0x0000000800000000)
  region size 2048K, 12 young (24576K), 2 survivors (4096K)
 Metaspace       used 23779K, committed 24192K, reserved 1114112K
  class space    used 2877K, committed 3072K, reserved 1048576K
}
Event: 104.516 GC heap after
{Heap after GC invocations=11 (full 0):
 garbage-first heap   total 49152K, used 15409K [0x0000000742000000, 0x0000000800000000)
  region size 2048K, 2 young (4096K), 2 survivors (4096K)
 Metaspace       used 23779K, committed 24192K, reserved 1114112K
  class space    used 2877K, committed 3072K, reserved 1048576K
}
Event: 135.010 GC heap before
{Heap before GC invocations=11 (full 0):
 garbage-first heap   total 49152K, used 31793K [0x0000000742000000, 0x0000000800000000)
  region size 2048K, 11 young (22528K), 2 survivors (4096K)
 Metaspace       used 23875K, committed 24320K, reserved 1114112K
  class space    used 2879K, committed 3072K, reserved 1048576K
}
Event: 135.013 GC heap after
{Heap after GC invocations=12 (full 0):
 garbage-first heap   total 49152K, used 16482K [0x0000000742000000, 0x0000000800000000)
  region size 2048K, 2 young (4096K), 2 survivors (4096K)
 Metaspace       used 23875K, committed 24320K, reserved 1114112K
  class space    used 2879K, committed 3072K, reserved 1048576K
}

